This file contains any messages produced by compilers while
running configure, to aid debugging if configure makes a mistake.

It was created by mfstool configure 0.5, which was
generated by GNU Autoconf 2.59.  Invocation command line was

  $ ./configure 

## --------- ##
## Platform. ##
## --------- ##

hostname = zpbofh02
uname -m = amd64
uname -r = 9.1-RELEASE-p1
uname -s = FreeBSD
uname -v = FreeBSD 9.1-RELEASE-p1 #0: Tue Feb 19 17:21:47 CET 2013     root@zpbofh02:/usr/obj/usr/src/sys/amd64_ipsec 

/usr/bin/uname -p = amd64
/bin/uname -X     = unknown

/bin/arch              = unknown
/usr/bin/arch -k       = unknown
/usr/convex/getsysinfo = unknown
hostinfo               = unknown
/bin/machine           = unknown
/usr/bin/oslevel       = unknown
/bin/universe          = unknown

PATH: /sbin
PATH: /bin
PATH: /usr/sbin
PATH: /usr/bin
PATH: /usr/games
PATH: /usr/local/sbin
PATH: /usr/local/bin
PATH: /home/bofh/bin


## ----------- ##
## Core tests. ##
## ----------- ##

configure:1311: checking for a BSD-compatible install
configure:1366: result: /usr/bin/install -c
configure:1377: checking whether build environment is sane
configure:1420: result: yes
configure:1485: checking for gawk
configure:1514: result: no
configure:1485: checking for mawk
configure:1514: result: no
configure:1485: checking for nawk
configure:1501: found /usr/bin/nawk
configure:1511: result: nawk
configure:1521: checking whether make sets $(MAKE)
configure:1541: result: yes
configure:1758: checking for gcc
configure:1774: found /usr/bin/gcc
configure:1784: result: gcc
configure:2028: checking for C compiler version
configure:2031: gcc --version </dev/null >&5
gcc (GCC) 4.2.1 20070831 patched [FreeBSD]
Copyright (C) 2007 Free Software Foundation, Inc.
This is free software; see the source for copying conditions.  There is NO
warranty; not even for MERCHANTABILITY or FITNESS FOR A PARTICULAR PURPOSE.

configure:2034: $? = 0
configure:2036: gcc -v </dev/null >&5
Using built-in specs.
Target: amd64-undermydesk-freebsd
Configured with: FreeBSD/amd64 system compiler
Thread model: posix
gcc version 4.2.1 20070831 patched [FreeBSD]
configure:2039: $? = 0
configure:2041: gcc -V </dev/null >&5
gcc: '-V' option must have argument
configure:2044: $? = 1
configure:2067: checking for C compiler default output file name
configure:2070: gcc    conftest.c  >&5
configure:2073: $? = 0
configure:2119: result: a.out
configure:2124: checking whether the C compiler works
configure:2130: ./a.out
configure:2133: $? = 0
configure:2150: result: yes
configure:2157: checking whether we are cross compiling
configure:2159: result: no
configure:2162: checking for suffix of executables
configure:2164: gcc -o conftest    conftest.c  >&5
configure:2167: $? = 0
configure:2192: result: 
configure:2198: checking for suffix of object files
configure:2219: gcc -c   conftest.c >&5
configure:2222: $? = 0
configure:2244: result: o
configure:2248: checking whether we are using the GNU C compiler
configure:2272: gcc -c   conftest.c >&5
configure:2278: $? = 0
configure:2282: test -z 
			 || test ! -s conftest.err
configure:2285: $? = 0
configure:2288: test -s conftest.o
configure:2291: $? = 0
configure:2304: result: yes
configure:2310: checking whether gcc accepts -g
configure:2331: gcc -c -g  conftest.c >&5
configure:2337: $? = 0
configure:2341: test -z 
			 || test ! -s conftest.err
configure:2344: $? = 0
configure:2347: test -s conftest.o
configure:2350: $? = 0
configure:2361: result: yes
configure:2378: checking for gcc option to accept ANSI C
configure:2448: gcc  -c -g -O2  conftest.c >&5
configure:2454: $? = 0
configure:2458: test -z 
			 || test ! -s conftest.err
configure:2461: $? = 0
configure:2464: test -s conftest.o
configure:2467: $? = 0
configure:2485: result: none needed
configure:2503: gcc -c -g -O2  conftest.c >&5
conftest.c:2: error: expected '=', ',', ';', 'asm' or '__attribute__' before 'me'
configure:2509: $? = 1
configure: failed program was:
| #ifndef __cplusplus
|   choke me
| #endif
configure:2653: checking for style of include used by make
configure:2681: result: GNU
configure:2709: checking dependency style of gcc
configure:2799: result: gcc3
configure:2836: checking for a BSD-compatible install
configure:2891: result: /usr/bin/install -c
configure:2902: checking whether make sets $(MAKE)
configure:2922: result: yes
configure:3043: creating ./config.status

## ---------------------- ##
## Running config.status. ##
## ---------------------- ##

This file was extended by mfstool config.status 0.5, which was
generated by GNU Autoconf 2.59.  Invocation command line was

  CONFIG_FILES    = 
  CONFIG_HEADERS  = 
  CONFIG_LINKS    = 
  CONFIG_COMMANDS = 
  $ ./config.status 

on zpbofh02

config.status:687: creating Makefile
config.status:791: creating config.h
config.status:877: config.h is unchanged
config.status:1057: executing depfiles commands

## ---------------- ##
## Cache variables. ##
## ---------------- ##

ac_cv_c_compiler_gnu=yes
ac_cv_env_CC_set=''
ac_cv_env_CC_value=''
ac_cv_env_CFLAGS_set=''
ac_cv_env_CFLAGS_value=''
ac_cv_env_CPPFLAGS_set=''
ac_cv_env_CPPFLAGS_value=''
ac_cv_env_LDFLAGS_set=''
ac_cv_env_LDFLAGS_value=''
ac_cv_env_build_alias_set=''
ac_cv_env_build_alias_value=''
ac_cv_env_host_alias_set=''
ac_cv_env_host_alias_value=''
ac_cv_env_target_alias_set=''
ac_cv_env_target_alias_value=''
ac_cv_exeext=''
ac_cv_objext=o
ac_cv_path_install='/usr/bin/install -c'
ac_cv_prog_AWK=nawk
ac_cv_prog_ac_ct_CC=gcc
ac_cv_prog_cc_g=yes
ac_cv_prog_cc_stdc=''
ac_cv_prog_make_make_set=yes
am_cv_CC_dependencies_compiler_type=gcc3

## ----------------- ##
## Output variables. ##
## ----------------- ##

ACLOCAL='${SHELL} /home/bofh/FOM/Thesis/code/ulixos_sources/mfstool-0.5/missing --run aclocal-1.9'
AMDEPBACKSLASH='\'
AMDEP_FALSE='#'
AMDEP_TRUE=''
AMTAR='${SHELL} /home/bofh/FOM/Thesis/code/ulixos_sources/mfstool-0.5/missing --run tar'
AUTOCONF='${SHELL} /home/bofh/FOM/Thesis/code/ulixos_sources/mfstool-0.5/missing --run autoconf'
AUTOHEADER='${SHELL} /home/bofh/FOM/Thesis/code/ulixos_sources/mfstool-0.5/missing --run autoheader'
AUTOMAKE='${SHELL} /home/bofh/FOM/Thesis/code/ulixos_sources/mfstool-0.5/missing --run automake-1.9'
AWK='nawk'
CC='gcc'
CCDEPMODE='depmode=gcc3'
CFLAGS='-g -O2'
CPPFLAGS=''
CYGPATH_W='echo'
DEFS='-DHAVE_CONFIG_H'
DEPDIR='.deps'
ECHO_C=''
ECHO_N='-n'
ECHO_T=''
EXEEXT=''
INSTALL_DATA='${INSTALL} -m 644'
INSTALL_PROGRAM='${INSTALL}'
INSTALL_SCRIPT='${INSTALL}'
INSTALL_STRIP_PROGRAM='${SHELL} $(install_sh) -c -s'
LDFLAGS=''
LIBOBJS=''
LIBS=''
LTLIBOBJS=''
MAKEINFO='${SHELL} /home/bofh/FOM/Thesis/code/ulixos_sources/mfstool-0.5/missing --run makeinfo'
OBJEXT='o'
PACKAGE='mfstool'
PACKAGE_BUGREPORT='alejandro_liu@hotmail.com'
PACKAGE_NAME='mfstool'
PACKAGE_STRING='mfstool 0.5'
PACKAGE_TARNAME='mfstool'
PACKAGE_VERSION='0.5'
PATH_SEPARATOR=':'
SET_MAKE=''
SHELL='/bin/sh'
STRIP=''
VERSION='0.5'
ac_ct_CC='gcc'
ac_ct_STRIP=''
am__fastdepCC_FALSE='#'
am__fastdepCC_TRUE=''
am__include='include'
am__leading_dot='.'
am__quote=''
am__tar='${AMTAR} chof - "$$tardir"'
am__untar='${AMTAR} xf -'
bindir='${exec_prefix}/bin'
build_alias=''
datadir='${prefix}/share'
exec_prefix='${prefix}'
host_alias=''
includedir='${prefix}/include'
infodir='${prefix}/info'
install_sh='/home/bofh/FOM/Thesis/code/ulixos_sources/mfstool-0.5/install-sh'
libdir='${exec_prefix}/lib'
libexecdir='${exec_prefix}/libexec'
localstatedir='${prefix}/var'
mandir='${prefix}/man'
mkdir_p='$(install_sh) -d'
oldincludedir='/usr/include'
prefix='/usr/local'
program_transform_name='s,x,x,'
sbindir='${exec_prefix}/sbin'
sharedstatedir='${prefix}/com'
sysconfdir='${prefix}/etc'
target_alias=''

## ----------- ##
## confdefs.h. ##
## ----------- ##

#define PACKAGE "mfstool"
#define PACKAGE_BUGREPORT "alejandro_liu@hotmail.com"
#define PACKAGE_NAME "mfstool"
#define PACKAGE_STRING "mfstool 0.5"
#define PACKAGE_TARNAME "mfstool"
#define PACKAGE_VERSION "0.5"
#define VERSION "0.5"

configure: exit 0
